<?xml version="1.0" encoding="UTF-8"?>
<!-- Generated by org.testng.reporters.JUnitReportReporter -->
<testsuite skipped="0" hostname="BGD120322" name="TestNGParameterization.CrossBrowserTesting2" tests="1" failures="0" timestamp="30 May 2019 14:19:50 GMT" time="5.161" errors="0">
  <testcase name="lunchTheBrowser" time="5.161" classname="TestNGParameterization.CrossBrowserTesting2"/>
</testsuite> <!-- TestNGParameterization.CrossBrowserTesting2 -->
