<?xml version="1.0" encoding="UTF-8"?>
<!-- Generated by org.testng.reporters.JUnitReportReporter -->
<testsuite hostname="BGD120322" name="HeadLessBrowser.HeadLessHtmlBrowser" tests="1" failures="0" timestamp="11 Jun 2019 07:54:50 GMT" time="6.004" errors="0">
  <testcase name="demo" time="6.004" classname="HeadLessBrowser.HeadLessHtmlBrowser"/>
</testsuite> <!-- HeadLessBrowser.HeadLessHtmlBrowser -->
