<?xml version="1.0" encoding="UTF-8"?>
<!-- Generated by org.testng.reporters.JUnitReportReporter -->
<testsuite skipped="0" hostname="BGD120322" name="TestNGPractice.AnnotaionsExamples" tests="3" failures="0" timestamp="29 May 2019 11:06:56 GMT" time="0.015" errors="0">
  <testcase name="search" time="0.010" classname="TestNGPractice.AnnotaionsExamples"/>
  <testcase name="advanceSearch" time="0.003" classname="TestNGPractice.AnnotaionsExamples"/>
  <testcase name="recharge" time="0.002" classname="TestNGPractice.AnnotaionsExamples"/>
</testsuite> <!-- TestNGPractice.AnnotaionsExamples -->
