<?xml version="1.0" encoding="UTF-8"?>
<!-- Generated by org.testng.reporters.JUnitReportReporter -->
<testsuite skipped="0" hostname="ETVD120322" name="com.TestNG.Demo.BasicTestNG" tests="3" failures="0" timestamp="2019-12-20T16:03:34 IST" time="0.009" errors="0">
  <testcase name="test" time="0.004" classname="com.TestNG.Demo.BasicTestNG"/>
  <testcase name="test2" time="0.003" classname="com.TestNG.Demo.BasicTestNG"/>
  <testcase name="test1" time="0.002" classname="com.TestNG.Demo.BasicTestNG"/>
</testsuite> <!-- com.TestNG.Demo.BasicTestNG -->
