<?xml version="1.0" encoding="UTF-8"?>
<!-- Generated by org.testng.reporters.JUnitReportReporter -->
<testsuite hostname="BGD120322" name="EncodeDecode.TestCaseWithEncriptedPassword" tests="1" failures="0" timestamp="4 Jun 2019 15:26:12 GMT" time="8.555" errors="0">
  <testcase name="demo" time="8.555" classname="EncodeDecode.TestCaseWithEncriptedPassword"/>
</testsuite> <!-- EncodeDecode.TestCaseWithEncriptedPassword -->
