<?xml version="1.0" encoding="UTF-8"?>
<!-- Generated by org.testng.reporters.JUnitReportReporter -->
<testsuite skipped="2" hostname="BGD120322" name="TestNG3.DisableMethods" tests="5" failures="0" timestamp="30 May 2019 11:14:15 GMT" time="0.032" errors="0">
  <testcase name="openURL" time="0.006" classname="TestNG3.DisableMethods"/>
  <testcase name="logOUT" time="0.021" classname="TestNG3.DisableMethods"/>
  <testcase name="login" time="0.005" classname="TestNG3.DisableMethods"/>
  <testcase name="search" classname="TestNG3.DisableMethods">
    <skipped/>
  </testcase> <!-- search -->
  <testcase name="advacnceSerach" classname="TestNG3.DisableMethods">
    <skipped/>
  </testcase> <!-- advacnceSerach -->
</testsuite> <!-- TestNG3.DisableMethods -->
