<?xml version="1.0" encoding="UTF-8"?>
<!-- Generated by org.testng.reporters.JUnitReportReporter -->
<testsuite skipped="0" hostname="BGD120322" name="TestNGPractice2.Tc2" tests="2" failures="0" timestamp="30 May 2019 09:22:31 GMT" time="0.005" errors="0">
  <testcase name="m3" time="0.003" classname="TestNGPractice2.Tc2"/>
  <testcase name="m4" time="0.002" classname="TestNGPractice2.Tc2"/>
</testsuite> <!-- TestNGPractice2.Tc2 -->
