<?xml version="1.0" encoding="UTF-8"?>
<!-- Generated by org.testng.reporters.JUnitReportReporter -->
<testsuite skipped="0" hostname="BGD120322" name="TestNGParameterization.DataProviderDemo" tests="2" failures="0" timestamp="31 May 2019 08:13:28 GMT" time="11.701" errors="0">
  <testcase name="loginTest" time="6.994" classname="TestNGParameterization.DataProviderDemo"/>
  <testcase name="loginTest" time="4.707" classname="TestNGParameterization.DataProviderDemo"/>
</testsuite> <!-- TestNGParameterization.DataProviderDemo -->
