<?xml version="1.0" encoding="UTF-8"?>
<!-- Generated by org.testng.reporters.JUnitReportReporter -->
<testsuite hostname="BGD120322" name="EncodeDecode.EncodingAndDecodingStrings" tests="1" failures="0" timestamp="4 Jun 2019 15:25:09 GMT" time="0.034" errors="0">
  <testcase name="demo" time="0.034" classname="EncodeDecode.EncodingAndDecodingStrings"/>
</testsuite> <!-- EncodeDecode.EncodingAndDecodingStrings -->
