<?xml version="1.0" encoding="UTF-8"?>
<!-- Generated by org.testng.reporters.JUnitReportReporter -->
<testsuite hostname="BGD120322" name="AshotApi.CaptureLogoImages" tests="1" failures="0" timestamp="5 Jun 2019 09:48:22 GMT" time="10.354" errors="0">
  <testcase name="demo" time="10.354" classname="AshotApi.CaptureLogoImages"/>
</testsuite> <!-- AshotApi.CaptureLogoImages -->
