<?xml version="1.0" encoding="UTF-8"?>
<!-- Generated by org.testng.reporters.JUnitReportReporter -->
<testsuite skipped="0" hostname="BGD120322" name="TestNGParameterization.Test1" tests="2" failures="0" timestamp="30 May 2019 12:21:41 GMT" time="0.023" errors="0">
  <testcase name="m2" time="0.002" classname="TestNGParameterization.Test1"/>
  <testcase name="m1" time="0.021" classname="TestNGParameterization.Test1"/>
</testsuite> <!-- TestNGParameterization.Test1 -->
