<?xml version="1.0" encoding="UTF-8"?>
<!-- Generated by org.testng.reporters.JUnitReportReporter -->
<testsuite skipped="0" hostname="ETVD120322" name="TestNG3.DependenceMethod2" tests="5" failures="0" timestamp="20 Aug 2019 09:52:57 GMT" time="0.012" errors="0">
  <testcase name="openURL" time="0.008" classname="TestNG3.DependenceMethod2"/>
  <testcase name="advacnceSerach" time="0.001" classname="TestNG3.DependenceMethod2"/>
  <testcase name="logOUT" time="0.001" classname="TestNG3.DependenceMethod2"/>
  <testcase name="login" time="0.001" classname="TestNG3.DependenceMethod2"/>
  <testcase name="search" time="0.001" classname="TestNG3.DependenceMethod2"/>
</testsuite> <!-- TestNG3.DependenceMethod2 -->
