<?xml version="1.0" encoding="UTF-8"?>
<!-- Generated by org.testng.reporters.JUnitReportReporter -->
<testsuite skipped="1" hostname="ETVD120322" name="TestNG3.IgnoreTestNG" tests="2" failures="0" timestamp="20 Aug 2019 06:23:50 GMT" time="0.007" errors="0">
  <testcase name="login" time="0.007" classname="TestNG3.IgnoreTestNG"/>
  <testcase name="openURL" classname="TestNG3.IgnoreTestNG">
    <skipped/>
  </testcase> <!-- openURL -->
</testsuite> <!-- TestNG3.IgnoreTestNG -->
