<?xml version="1.0" encoding="UTF-8"?>
<!-- Generated by org.testng.reporters.JUnitReportReporter -->
<testsuite skipped="2" hostname="ETVD120322" name="TestNG3.DisableMethods" tests="5" failures="0" timestamp="20 Aug 2019 06:23:44 GMT" time="0.000" errors="0">
  <testcase name="logOUT" time="0.000" classname="TestNG3.DisableMethods"/>
  <testcase name="openURL" time="0.000" classname="TestNG3.DisableMethods"/>
  <testcase name="login" time="0.000" classname="TestNG3.DisableMethods"/>
  <testcase name="search" classname="TestNG3.DisableMethods">
    <skipped/>
  </testcase> <!-- search -->
  <testcase name="advacnceSerach" classname="TestNG3.DisableMethods">
    <skipped/>
  </testcase> <!-- advacnceSerach -->
</testsuite> <!-- TestNG3.DisableMethods -->
