<?xml version="1.0" encoding="UTF-8"?>
<!-- Generated by org.testng.reporters.JUnitReportReporter -->
<testsuite skipped="0" hostname="BGD120322" name="TestNGParameterization.CrossBrowserTesting" tests="12" failures="0" timestamp="30 May 2019 14:41:54 GMT" time="34.648" errors="0">
  <testcase name="lunchTheBrowser" time="4.546" classname="TestNGParameterization.CrossBrowserTesting"/>
  <testcase name="lunchTheBrowser" time="16.540" classname="TestNGParameterization.CrossBrowserTesting"/>
  <testcase name="lunchTheBrowser" time="8.208" classname="TestNGParameterization.CrossBrowserTesting"/>
  <testcase name="verifyTheTitle" time="0.000" classname="TestNGParameterization.CrossBrowserTesting"/>
  <testcase name="verifyTheTitle" time="0.002" classname="TestNGParameterization.CrossBrowserTesting"/>
  <testcase name="verifyTheTitle" time="0.003" classname="TestNGParameterization.CrossBrowserTesting"/>
  <testcase name="registration" time="0.000" classname="TestNGParameterization.CrossBrowserTesting"/>
  <testcase name="registration" time="0.003" classname="TestNGParameterization.CrossBrowserTesting"/>
  <testcase name="registration" time="0.005" classname="TestNGParameterization.CrossBrowserTesting"/>
  <testcase name="closeBrowser" time="2.936" classname="TestNGParameterization.CrossBrowserTesting"/>
  <testcase name="closeBrowser" time="2.387" classname="TestNGParameterization.CrossBrowserTesting"/>
  <testcase name="closeBrowser" time="0.018" classname="TestNGParameterization.CrossBrowserTesting"/>
</testsuite> <!-- TestNGParameterization.CrossBrowserTesting -->
