<?xml version="1.0" encoding="UTF-8"?>
<!-- Generated by org.testng.reporters.JUnitReportReporter -->
<testsuite hostname="BGD120322" name="StaleElementException.StaleElementExceptionReference" tests="1" failures="0" timestamp="10 Jun 2019 12:04:54 GMT" time="33.044" errors="0">
  <testcase name="demo34" time="33.044" classname="StaleElementException.StaleElementExceptionReference"/>
</testsuite> <!-- StaleElementException.StaleElementExceptionReference -->
