<?xml version="1.0" encoding="UTF-8"?>
<!-- Generated by org.testng.reporters.JUnitReportReporter -->
<testsuite hostname="BGD120322" name="Pavantools.AlertPopup" tests="1" failures="0" timestamp="11 Jun 2019 10:38:48 GMT" time="15.291" errors="0">
  <testcase name="Navigate_forward_back" time="15.291" classname="Pavantools.AlertPopup"/>
</testsuite> <!-- Pavantools.AlertPopup -->
