<?xml version="1.0" encoding="UTF-8"?>
<!-- Generated by org.testng.reporters.JUnitReportReporter -->
<testsuite hostname="BGD120322" name="HeadLessBrowser.HeadLessFirefox" tests="1" failures="0" timestamp="11 Jun 2019 07:39:47 GMT" time="21.907" errors="0">
  <testcase name="demo" time="21.907" classname="HeadLessBrowser.HeadLessFirefox"/>
</testsuite> <!-- HeadLessBrowser.HeadLessFirefox -->
