<?xml version="1.0" encoding="UTF-8"?>
<!-- Generated by org.testng.reporters.JUnitReportReporter -->
<testsuite hostname="BGD120322" name="AshotApi.CompareImages" tests="1" failures="0" timestamp="5 Jun 2019 10:09:45 GMT" time="10.552" errors="0">
  <testcase name="demo" time="10.552" classname="AshotApi.CompareImages"/>
</testsuite> <!-- AshotApi.CompareImages -->
