<?xml version="1.0" encoding="UTF-8"?>
<!-- Generated by org.testng.reporters.JUnitReportReporter -->
<testsuite hostname="BGD120322" name="DropDownTest.VerityDropDownSortedOption" tests="1" failures="0" timestamp="10 Jun 2019 10:29:25 GMT" time="15.361" errors="0">
  <testcase name="demo" time="15.361" classname="DropDownTest.VerityDropDownSortedOption"/>
</testsuite> <!-- DropDownTest.VerityDropDownSortedOption -->
