<?xml version="1.0" encoding="UTF-8"?>
<!-- Generated by org.testng.reporters.JUnitReportReporter -->
<testsuite skipped="0" hostname="BGD120322" name="TestNGPractice.Demo" tests="3" failures="0" timestamp="29 May 2019 10:41:29 GMT" time="0.027" errors="0">
  <testcase name="login" time="0.022" classname="TestNGPractice.Demo"/>
  <testcase name="logout" time="0.003" classname="TestNGPractice.Demo"/>
  <testcase name="openURL" time="0.002" classname="TestNGPractice.Demo"/>
</testsuite> <!-- TestNGPractice.Demo -->
