<?xml version="1.0" encoding="UTF-8"?>
<!-- Generated by org.testng.reporters.JUnitReportReporter -->
<testsuite hostname="BGD120322" name="Authentication.AuthenticationPopus" tests="1" failures="0" timestamp="10 Jun 2019 10:58:47 GMT" time="9.544" errors="0">
  <testcase name="demo312" time="9.544" classname="Authentication.AuthenticationPopus"/>
</testsuite> <!-- Authentication.AuthenticationPopus -->
