<?xml version="1.0" encoding="UTF-8"?>
<!-- Generated by org.testng.reporters.JUnitReportReporter -->
<testsuite skipped="0" hostname="ETVD120322" name="com.TestNG.Demo.InvocationCount" tests="12" failures="0" timestamp="2019-12-20T17:43:42 IST" time="0.023" errors="0">
  <testcase name="testC" time="0.001" classname="com.TestNG.Demo.InvocationCount"/>
  <testcase name="testC" time="0.001" classname="com.TestNG.Demo.InvocationCount"/>
  <testcase name="testC" time="0.001" classname="com.TestNG.Demo.InvocationCount"/>
  <testcase name="testC" time="0.001" classname="com.TestNG.Demo.InvocationCount"/>
  <testcase name="testC" time="0.008" classname="com.TestNG.Demo.InvocationCount"/>
  <testcase name="testC" time="0.000" classname="com.TestNG.Demo.InvocationCount"/>
  <testcase name="testC" time="0.005" classname="com.TestNG.Demo.InvocationCount"/>
  <testcase name="testC1" time="0.000" classname="com.TestNG.Demo.InvocationCount"/>
  <testcase name="testC" time="0.001" classname="com.TestNG.Demo.InvocationCount"/>
  <testcase name="testC" time="0.003" classname="com.TestNG.Demo.InvocationCount"/>
  <testcase name="testC" time="0.001" classname="com.TestNG.Demo.InvocationCount"/>
  <testcase name="testC" time="0.001" classname="com.TestNG.Demo.InvocationCount"/>
</testsuite> <!-- com.TestNG.Demo.InvocationCount -->
