<?xml version="1.0" encoding="UTF-8"?>
<!-- Generated by org.testng.reporters.JUnitReportReporter -->
<testsuite hostname="BGD120322" name="RobotApi.RobotApiDemo" tests="1" failures="0" timestamp="4 Jun 2019 14:46:20 GMT" time="15.847" errors="0">
  <testcase name="demo" time="15.847" classname="RobotApi.RobotApiDemo"/>
</testsuite> <!-- RobotApi.RobotApiDemo -->
