<?xml version="1.0" encoding="UTF-8"?>
<!-- Generated by org.testng.reporters.JUnitReportReporter -->
<testsuite hostname="BGD120322" name="HeadLessBrowser.HeadLeasChrome" tests="1" failures="0" timestamp="10 Jun 2019 13:39:16 GMT" time="10.236" errors="0">
  <testcase name="demo" time="10.236" classname="HeadLessBrowser.HeadLeasChrome"/>
</testsuite> <!-- HeadLessBrowser.HeadLeasChrome -->
