<?xml version="1.0" encoding="UTF-8"?>
<!-- Generated by org.testng.reporters.JUnitReportReporter -->
<testsuite skipped="0" hostname="BGD120322" name="Scrolling" tests="1" failures="0" timestamp="20 May 2019 14:46:09 GMT" time="17.714" errors="0">
  <testcase name="demoTest123" time="17.714" classname="Scrolling"/>
</testsuite> <!-- Scrolling -->
