<?xml version="1.0" encoding="UTF-8"?>
<!-- Generated by org.testng.reporters.JUnitReportReporter -->
<testsuite hostname="BGD120322" name="Js_Demo.JavaScriptDemo" tests="1" failures="0" timestamp="4 Jun 2019 14:17:42 GMT" time="12.809" errors="0">
  <testcase name="demo" time="12.809" classname="Js_Demo.JavaScriptDemo"/>
</testsuite> <!-- Js_Demo.JavaScriptDemo -->
