<?xml version="1.0" encoding="UTF-8"?>
<!-- Generated by org.testng.reporters.JUnitReportReporter -->
<testsuite hostname="BGD120322" name="Pavantools.NavigatingBackAndForward" tests="1" failures="0" timestamp="11 Jun 2019 10:16:21 GMT" time="20.913" errors="0">
  <testcase name="Navigate_forward_back" time="20.913" classname="Pavantools.NavigatingBackAndForward"/>
</testsuite> <!-- Pavantools.NavigatingBackAndForward -->
