<?xml version="1.0" encoding="UTF-8"?>
<!-- Generated by org.testng.reporters.JUnitReportReporter -->
<testsuite skipped="0" hostname="BGD120322" name="TestNGPractice2.Tc1" tests="2" failures="0" timestamp="30 May 2019 09:22:31 GMT" time="0.013" errors="0">
  <testcase name="m1" time="0.010" classname="TestNGPractice2.Tc1"/>
  <testcase name="m2" time="0.003" classname="TestNGPractice2.Tc1"/>
</testsuite> <!-- TestNGPractice2.Tc1 -->
